<?xml version="1.0" encoding="UTF-8"?>
<testng-results ignored="0" total="1" passed="1" failed="0" skipped="0">
  <reporter-output>
  </reporter-output>
  <suite started-at="2023-06-04T10:33:32Z" name="Default suite" finished-at="2023-06-04T10:33:52Z" duration-ms="20439">
    <groups>
    </groups>
    <test started-at="2023-06-04T10:33:32Z" name="Default test" finished-at="2023-06-04T10:33:52Z" duration-ms="20439">
      <class name="testng.ToVerifyHomeePagee">
        <test-method is-config="true" signature="bs()[pri:0, instance:testng.ToVerifyHomeePagee@1b75c2e3]" started-at="2023-06-04T10:33:32Z" name="bs" finished-at="2023-06-04T10:33:32Z" duration-ms="21" status="PASS">
          <reporter-output>
          </reporter-output>
        </test-method> <!-- bs -->
        <test-method is-config="true" signature="bc()[pri:0, instance:testng.ToVerifyHomeePagee@1b75c2e3]" started-at="2023-06-04T10:33:32Z" name="bc" finished-at="2023-06-04T10:33:45Z" duration-ms="13340" status="PASS">
          <reporter-output>
          </reporter-output>
        </test-method> <!-- bc -->
        <test-method is-config="true" signature="bm()[pri:0, instance:testng.ToVerifyHomeePagee@1b75c2e3]" started-at="2023-06-04T10:33:45Z" name="bm" finished-at="2023-06-04T10:33:46Z" duration-ms="548" status="PASS">
          <reporter-output>
          </reporter-output>
        </test-method> <!-- bm -->
        <test-method signature="VerifyHomePage()[pri:0, instance:testng.ToVerifyHomeePagee@1b75c2e3]" started-at="2023-06-04T10:33:46Z" name="VerifyHomePage" finished-at="2023-06-04T10:33:50Z" duration-ms="4495" status="PASS">
          <reporter-output>
          </reporter-output>
        </test-method> <!-- VerifyHomePage -->
        <test-method is-config="true" signature="am()[pri:0, instance:testng.ToVerifyHomeePagee@1b75c2e3]" started-at="2023-06-04T10:33:50Z" name="am" finished-at="2023-06-04T10:33:52Z" duration-ms="1675" status="PASS">
          <reporter-output>
          </reporter-output>
        </test-method> <!-- am -->
        <test-method is-config="true" signature="ac()[pri:0, instance:testng.ToVerifyHomeePagee@1b75c2e3]" started-at="2023-06-04T10:33:52Z" name="ac" finished-at="2023-06-04T10:33:52Z" duration-ms="350" status="PASS">
          <reporter-output>
          </reporter-output>
        </test-method> <!-- ac -->
        <test-method is-config="true" signature="as()[pri:0, instance:testng.ToVerifyHomeePagee@1b75c2e3]" started-at="2023-06-04T10:33:52Z" name="as" finished-at="2023-06-04T10:33:52Z" duration-ms="0" status="PASS">
          <reporter-output>
          </reporter-output>
        </test-method> <!-- as -->
      </class> <!-- testng.ToVerifyHomeePagee -->
    </test> <!-- Default test -->
  </suite> <!-- Default suite -->
</testng-results>
