<?xml version="1.0" encoding="UTF-8"?>
<!-- Generated by org.testng.reporters.JUnitXMLReporter -->
<testsuite ignored="0" hostname="LAPTOP-3GMNK1PG" failures="1" tests="1" name="Test" time="0.037" errors="0" timestamp="04 Jun 2023 07:58:06 GMT">
  <testcase classname="testng.ToVerifyGoogleInChromeAndEdge" name="toVerifyGoogle" time="0.0">
    <failure type="org.testng.TestNGException" message="
Cannot inject @Test annotated Method [toVerifyGoogle] with [class java.lang.String].
For more information on native dependency injection please refer to http://testng.org/doc/documentation-main.html#native-dependency-injection">
      <![CDATA[org.testng.TestNGException: 
Cannot inject @Test annotated Method [toVerifyGoogle] with [class java.lang.String].
For more information on native dependency injection please refer to http://testng.org/doc/documentation-main.html#native-dependency-injection
... Removed 24 stack frames]]>
    </failure>
  </testcase> <!-- toVerifyGoogle -->
</testsuite> <!-- Test -->
